<?xml version="1.0" encoding="UTF-8"?>
<!-- Generated by org.testng.reporters.JUnitReportReporter -->
<testsuite skipped="0" hostname="Aymaans-Air" name="testTwo" tests="3" failures="0" timestamp="2022-11-27T07:38:00 CST" time="1.132" errors="0">
  <testcase name="login3" time="0.419" classname="testTwo"/>
  <system-out/>
  <testcase name="login1" time="0.508" classname="testTwo"/>
  <system-out/>
  <testcase name="login2" time="0.205" classname="testTwo"/>
  <system-out/>
</testsuite> <!-- testTwo -->
